<?xml version="1.0" encoding="UTF-8"?>
<testsuite name="nl.gerimedica.assignment.controller.AppointmentControllerTest" tests="4" skipped="0" failures="0" errors="0" timestamp="2025-08-21T10:21:32" hostname="MacBookPro.home" time="1.047">
  <properties/>
  <testcase name="testGetLatestAppointment()" classname="nl.gerimedica.assignment.controller.AppointmentControllerTest" time="0.983"/>
  <testcase name="testGetAppointmentsByReason()" classname="nl.gerimedica.assignment.controller.AppointmentControllerTest" time="0.015"/>
  <testcase name="testDeleteAppointmentsBySSN()" classname="nl.gerimedica.assignment.controller.AppointmentControllerTest" time="0.01"/>
  <testcase name="testCreateBulkAppointments()" classname="nl.gerimedica.assignment.controller.AppointmentControllerTest" time="0.036"/>
  <system-out><![CDATA[12:21:32.632 [Test worker] INFO org.hibernate.validator.internal.util.Version -- HV000001: Hibernate Validator 8.0.2.Final
12:21:32.892 [Test worker] INFO org.springframework.mock.web.MockServletContext -- Initializing Spring TestDispatcherServlet ''
12:21:32.892 [Test worker] INFO org.springframework.test.web.servlet.TestDispatcherServlet -- Initializing Servlet ''
12:21:32.893 [Test worker] INFO org.springframework.test.web.servlet.TestDispatcherServlet -- Completed initialization in 1 ms
12:21:32.993 [Test worker] INFO org.springframework.mock.web.MockServletContext -- Initializing Spring TestDispatcherServlet ''
12:21:32.993 [Test worker] INFO org.springframework.test.web.servlet.TestDispatcherServlet -- Initializing Servlet ''
12:21:32.993 [Test worker] INFO org.springframework.test.web.servlet.TestDispatcherServlet -- Completed initialization in 0 ms
12:21:33.007 [Test worker] INFO org.springframework.mock.web.MockServletContext -- Initializing Spring TestDispatcherServlet ''
12:21:33.007 [Test worker] INFO org.springframework.test.web.servlet.TestDispatcherServlet -- Initializing Servlet ''
12:21:33.007 [Test worker] INFO org.springframework.test.web.servlet.TestDispatcherServlet -- Completed initialization in 0 ms
12:21:33.018 [Test worker] INFO org.springframework.mock.web.MockServletContext -- Initializing Spring TestDispatcherServlet ''
12:21:33.018 [Test worker] INFO org.springframework.test.web.servlet.TestDispatcherServlet -- Initializing Servlet ''
12:21:33.019 [Test worker] INFO org.springframework.test.web.servlet.TestDispatcherServlet -- Completed initialization in 0 ms
12:21:33.044 [Test worker] INFO nl.gerimedica.assignment.utils.HospitalUtils -- HospitalUtils used. Counter: 1 | Context: Controller triggered bulk appointments creation
]]></system-out>
  <system-err><![CDATA[Mockito is currently self-attaching to enable the inline-mock-maker. This will no longer work in future releases of the JDK. Please add Mockito as an agent to your build what is described in Mockito's documentation: https://javadoc.io/doc/org.mockito/mockito-core/latest/org/mockito/Mockito.html#0.3
WARNING: A Java agent has been loaded dynamically (/Users/magicpants/.gradle/caches/modules-2/files-2.1/net.bytebuddy/byte-buddy-agent/1.15.11/a38b16385e867f59a641330f0362ebe742788ed8/byte-buddy-agent-1.15.11.jar)
WARNING: If a serviceability tool is in use, please run with -XX:+EnableDynamicAgentLoading to hide this warning
WARNING: If a serviceability tool is not in use, please run with -Djdk.instrument.traceUsage for more information
WARNING: Dynamic loading of agents will be disallowed by default in a future release
]]></system-err>
</testsuite>
